c:\users\cpaya\source\repos\openglgames - 3d extend\openglgames\x64\debug\vc143.pdb
c:\users\cpaya\source\repos\openglgames - 3d extend\openglgames\x64\debug\vc143.idb
c:\users\cpaya\source\repos\openglgames - 3d extend\openglgames\x64\debug\inputcomponent.obj
c:\users\cpaya\source\repos\openglgames - 3d extend\openglgames\x64\debug\game.obj
c:\users\cpaya\source\repos\openglgames - 3d extend\openglgames\x64\debug\component.obj
c:\users\cpaya\source\repos\openglgames - 3d extend\openglgames\x64\debug\circlecollisioncomponent.obj
c:\users\cpaya\source\repos\openglgames - 3d extend\openglgames\x64\debug\ball.obj
c:\users\cpaya\source\repos\openglgames - 3d extend\openglgames\x64\debug\backgroundspritecomponent.obj
c:\users\cpaya\source\repos\openglgames - 3d extend\openglgames\x64\debug\assetsmanager.obj
c:\users\cpaya\source\repos\openglgames - 3d extend\openglgames\x64\debug\animspritecomponent.obj
c:\users\cpaya\source\repos\openglgames - 3d extend\openglgames\x64\debug\nospritecomponent.obj
c:\users\cpaya\source\repos\openglgames - 3d extend\openglgames\x64\debug\matrix4.obj
c:\users\cpaya\source\repos\openglgames - 3d extend\openglgames\x64\debug\gridracing.obj
c:\users\cpaya\source\repos\openglgames - 3d extend\openglgames\x64\debug\gridbrick.obj
c:\users\cpaya\source\repos\openglgames - 3d extend\openglgames\x64\debug\carracing.obj
c:\users\cpaya\source\repos\openglgames - 3d extend\openglgames\x64\debug\bricks.obj
c:\users\cpaya\source\repos\openglgames - 3d extend\openglgames\x64\debug\bonus.obj
c:\users\cpaya\source\repos\openglgames - 3d extend\openglgames\x64\debug\ballbrick.obj
c:\users\cpaya\source\repos\openglgames - 3d extend\openglgames\x64\debug\backgroundbrick.obj
c:\users\cpaya\source\repos\openglgames - 3d extend\openglgames\x64\debug\background.obj
c:\users\cpaya\source\repos\openglgames - 3d extend\openglgames\x64\debug\aicomponent.obj
c:\users\cpaya\source\repos\openglgames - 3d extend\openglgames\x64\debug\actor.obj
c:\users\cpaya\source\repos\openglgames - 3d extend\openglgames\x64\debug\vertexarray.obj
c:\users\cpaya\source\repos\openglgames - 3d extend\openglgames\x64\debug\vector3.obj
c:\users\cpaya\source\repos\openglgames - 3d extend\openglgames\x64\debug\vector2.obj
c:\users\cpaya\source\repos\openglgames - 3d extend\openglgames\x64\debug\timer.obj
c:\users\cpaya\source\repos\openglgames - 3d extend\openglgames\x64\debug\tileracing.obj
c:\users\cpaya\source\repos\openglgames - 3d extend\openglgames\x64\debug\texture.obj
c:\users\cpaya\source\repos\openglgames - 3d extend\openglgames\x64\debug\textcomponent.obj
c:\users\cpaya\source\repos\openglgames - 3d extend\openglgames\x64\debug\spritecomponent.obj
c:\users\cpaya\source\repos\openglgames - 3d extend\openglgames\x64\debug\shader.obj
c:\users\cpaya\source\repos\openglgames - 3d extend\openglgames\x64\debug\score.obj
c:\users\cpaya\source\repos\openglgames - 3d extend\openglgames\x64\debug\renderersdl.obj
c:\users\cpaya\source\repos\openglgames - 3d extend\openglgames\x64\debug\rendererogl.obj
c:\users\cpaya\source\repos\openglgames - 3d extend\openglgames\x64\debug\rectangle.obj
c:\users\cpaya\source\repos\openglgames - 3d extend\openglgames\x64\debug\random.obj
c:\users\cpaya\source\repos\openglgames - 3d extend\openglgames\x64\debug\paddlebrick.obj
c:\users\cpaya\source\repos\openglgames - 3d extend\openglgames\x64\debug\paddle.obj
c:\users\cpaya\source\repos\openglgames - 3d extend\openglgames\x64\debug\navcomponent.obj
c:\users\cpaya\source\repos\openglgames - 3d extend\openglgames\x64\debug\movecomponent.obj
c:\users\cpaya\source\repos\openglgames - 3d extend\openglgames\x64\debug\main.obj
c:\users\cpaya\source\repos\openglgames - 3d extend\openglgames\x64\debug\log.obj
c:\users\cpaya\source\repos\openglgames - 3d extend\openglgames\x64\debug\window.obj
c:\users\cpaya\source\repos\openglgames - 3d extend\x64\debug\openglgames.exe
c:\users\cpaya\source\repos\openglgames - 3d extend\openglgames\x64\debug\openglgames.ilk
c:\users\cpaya\source\repos\openglgames - 3d extend\x64\debug\openglgames.pdb
c:\users\cpaya\source\repos\openglgames - 3d extend\openglgames\x64\debug\openglgames.res
c:\users\cpaya\source\repos\openglgames - 3d extend\openglgames\x64\debug\openglgames.tlog\cl.command.1.tlog
c:\users\cpaya\source\repos\openglgames - 3d extend\openglgames\x64\debug\openglgames.tlog\cl.read.1.tlog
c:\users\cpaya\source\repos\openglgames - 3d extend\openglgames\x64\debug\openglgames.tlog\cl.write.1.tlog
c:\users\cpaya\source\repos\openglgames - 3d extend\openglgames\x64\debug\openglgames.tlog\link.command.1.tlog
c:\users\cpaya\source\repos\openglgames - 3d extend\openglgames\x64\debug\openglgames.tlog\link.read.1.tlog
c:\users\cpaya\source\repos\openglgames - 3d extend\openglgames\x64\debug\openglgames.tlog\link.write.1.tlog
c:\users\cpaya\source\repos\openglgames - 3d extend\openglgames\x64\debug\openglgames.tlog\rc.command.1.tlog
c:\users\cpaya\source\repos\openglgames - 3d extend\openglgames\x64\debug\openglgames.tlog\rc.read.1.tlog
c:\users\cpaya\source\repos\openglgames - 3d extend\openglgames\x64\debug\openglgames.tlog\rc.write.1.tlog
